10-29-2024 15:12:29 - log: Load engine in /Applications/Cocos/Creator/3.8.3/CocosCreator.app/Contents/Resources/resources/3d/engine
10-29-2024 15:12:29 - log: Profile changed: engine (modules.includeModules: 2d,animation,audio,base,dragon-bones,gfx-webgl,gfx-webgl2,intersection-2d,meshopt,particle-2d,physics-2d-box2d,profiler,spine,tiled-map,tween,ui,video,webview)
10-29-2024 15:12:29 - log: Register native engine in /Applications/Cocos/Creator/3.8.3/CocosCreator.app/Contents/Resources/resources/3d/engine/native
10-29-2024 15:12:30 - log: Request namespace: device-list
10-29-2024 15:12:36 - warn: failed to connect login server due to request timeout
10-29-2024 15:12:36 - log: [Scene] meshopt wasm decoder initialized
10-29-2024 15:12:36 - log: [Scene] [box2d]:box2d wasm lib loaded.
10-29-2024 15:12:36 - log: [Scene] [bullet]:bullet wasm lib loaded.
10-29-2024 15:12:37 - log: [Scene] [PHYSICS]: using builtin.
10-29-2024 15:12:37 - log: [Scene] Cocos Creator v3.8.3
10-29-2024 15:12:37 - info: [Scene] Forward render pipeline initialized.
10-29-2024 15:12:37 - warn: [Scene] The 'default' attribute of 'GameOver.audioSource' must be an arrayError: [Scene] The 'default' attribute of 'GameOver.audioSource' must be an array
    at warn (/Applications/Cocos/Creator/3.8.3/CocosCreator.app/Contents/Resources/resources/3d/engine/bin/.cache/dev/editor/bundled/index.js:172110:12)
    at warnID (/Applications/Cocos/Creator/3.8.3/CocosCreator.app/Contents/Resources/resources/3d/engine/bin/.cache/dev/editor/bundled/index.js:172292:5)
    at parseType (/Applications/Cocos/Creator/3.8.3/CocosCreator.app/Contents/Resources/resources/3d/engine/bin/.cache/dev/editor/bundled/index.js:273771:11)
    at preprocessAttrs (/Applications/Cocos/Creator/3.8.3/CocosCreator.app/Contents/Resources/resources/3d/engine/bin/.cache/dev/editor/bundled/index.js:273899:11)
    at declareProperties (/Applications/Cocos/Creator/3.8.3/CocosCreator.app/Contents/Resources/resources/3d/engine/bin/.cache/dev/editor/bundled/index.js:153154:7)
    at CCClass (/Applications/Cocos/Creator/3.8.3/CocosCreator.app/Contents/Resources/resources/3d/engine/bin/.cache/dev/editor/bundled/index.js:153183:5)
    at eval (/Applications/Cocos/Creator/3.8.3/CocosCreator.app/Contents/Resources/resources/3d/engine/bin/.cache/dev/editor/bundled/index.js:271631:21)
10-29-2024 15:12:37 - warn: [Scene] The 'default' attribute of 'Menu.audioSource' must be an arrayError: [Scene] The 'default' attribute of 'Menu.audioSource' must be an array
    at warn (/Applications/Cocos/Creator/3.8.3/CocosCreator.app/Contents/Resources/resources/3d/engine/bin/.cache/dev/editor/bundled/index.js:172110:12)
    at warnID (/Applications/Cocos/Creator/3.8.3/CocosCreator.app/Contents/Resources/resources/3d/engine/bin/.cache/dev/editor/bundled/index.js:172292:5)
    at parseType (/Applications/Cocos/Creator/3.8.3/CocosCreator.app/Contents/Resources/resources/3d/engine/bin/.cache/dev/editor/bundled/index.js:273771:11)
    at preprocessAttrs (/Applications/Cocos/Creator/3.8.3/CocosCreator.app/Contents/Resources/resources/3d/engine/bin/.cache/dev/editor/bundled/index.js:273899:11)
    at declareProperties (/Applications/Cocos/Creator/3.8.3/CocosCreator.app/Contents/Resources/resources/3d/engine/bin/.cache/dev/editor/bundled/index.js:153154:7)
    at CCClass (/Applications/Cocos/Creator/3.8.3/CocosCreator.app/Contents/Resources/resources/3d/engine/bin/.cache/dev/editor/bundled/index.js:153183:5)
    at eval (/Applications/Cocos/Creator/3.8.3/CocosCreator.app/Contents/Resources/resources/3d/engine/bin/.cache/dev/editor/bundled/index.js:271631:21)
10-29-2024 15:12:37 - warn: [Scene] The 'default' attribute of 'Store.audioSource' must be an arrayError: [Scene] The 'default' attribute of 'Store.audioSource' must be an array
    at warn (/Applications/Cocos/Creator/3.8.3/CocosCreator.app/Contents/Resources/resources/3d/engine/bin/.cache/dev/editor/bundled/index.js:172110:12)
    at warnID (/Applications/Cocos/Creator/3.8.3/CocosCreator.app/Contents/Resources/resources/3d/engine/bin/.cache/dev/editor/bundled/index.js:172292:5)
    at parseType (/Applications/Cocos/Creator/3.8.3/CocosCreator.app/Contents/Resources/resources/3d/engine/bin/.cache/dev/editor/bundled/index.js:273771:11)
    at preprocessAttrs (/Applications/Cocos/Creator/3.8.3/CocosCreator.app/Contents/Resources/resources/3d/engine/bin/.cache/dev/editor/bundled/index.js:273899:11)
    at declareProperties (/Applications/Cocos/Creator/3.8.3/CocosCreator.app/Contents/Resources/resources/3d/engine/bin/.cache/dev/editor/bundled/index.js:153154:7)
    at CCClass (/Applications/Cocos/Creator/3.8.3/CocosCreator.app/Contents/Resources/resources/3d/engine/bin/.cache/dev/editor/bundled/index.js:153183:5)
    at eval (/Applications/Cocos/Creator/3.8.3/CocosCreator.app/Contents/Resources/resources/3d/engine/bin/.cache/dev/editor/bundled/index.js:271631:21)
10-29-2024 15:12:37 - log: [Scene] [PHYSICS2D]: switch from box2d-wasm to box2d.
