15:12:35 debug: 10/29/2024, 3:12:35 PM
15:12:35 debug: Project: /Users/akai/Data/cocos/cocos-creator-tank-war
15:12:35 debug: Targets: editor,preview
15:12:35 debug: Incremental file seems great.
15:12:35 debug: Engine path: /Applications/Cocos/Creator/3.8.3/CocosCreator.app/Contents/Resources/resources/3d/engine
15:12:35 debug: Initializing target [Editor]
15:12:35 debug: Loading cache
15:12:35 debug: Loading cache costs 2.9202499389648438ms.
15:12:35 debug: Engine features shipped in editor: base,gfx-webgl,gfx-webgl2,gfx-empty,3d,animation,skeletal-animation,2d,ui,particle,particle-2d,physics-framework,physics-2d-framework,physics-2d-box2d-wasm,intersection-2d,primitive,profiler,occlusion-query,geometry-renderer,debug-renderer,audio,video,xr,light-probe,terrain,webview,tween,tiled-map,spine,dragon-bones,marionette,procedural-animation,custom-pipeline,websocket,websocket-server,meshopt
15:12:35 debug: Our import map(foo:/bar): {
  "imports": {
    "cc": "cce:/internal/x/cc"
  }
}
15:12:35 debug: Initializing target [Preview]
15:12:35 debug: Loading cache
15:12:35 debug: Loading cache costs 2.265166997909546ms.
15:12:35 debug: Our import map(foo:/bar): {
  "imports": {
    "cc": "cce:/internal/x/cc"
  }
}
15:12:35 debug: Sync engine features: 2d,animation,audio,base,dragon-bones,gfx-webgl,gfx-webgl2,intersection-2d,meshopt,particle-2d,physics-2d-box2d,profiler,spine,tiled-map,tween,ui,video,webview
15:12:35 debug: Reset databases. Enumerated domains: [
  {
    "root": "db://internal/",
    "physical": "/Applications/Cocos/Creator/3.8.3/CocosCreator.app/Contents/Resources/resources/3d/engine/editor/assets"
  },
  {
    "root": "db://assets/",
    "physical": "/Users/akai/Data/cocos/cocos-creator-tank-war/assets"
  }
]
15:12:35 debug: Our import map(foo:/bar): {
  "imports": {
    "cc": "cce:/internal/x/cc",
    "db://internal/": "file:///Applications/Cocos/Creator/3.8.3/CocosCreator.app/Contents/Resources/resources/3d/engine/editor/assets/",
    "db://assets/": "file:///Users/akai/Data/cocos/cocos-creator-tank-war/assets/"
  }
}
15:12:35 debug: Our import map(foo:/bar): {
  "imports": {
    "cc": "cce:/internal/x/cc",
    "db://internal/": "file:///Applications/Cocos/Creator/3.8.3/CocosCreator.app/Contents/Resources/resources/3d/engine/editor/assets/",
    "db://assets/": "file:///Users/akai/Data/cocos/cocos-creator-tank-war/assets/"
  }
}
15:12:35 debug: Pulling asset-db.
15:12:35 debug: Fetch asset-db cost: 2.4223339557647705ms.
15:12:35 debug: Build iteration starts.
Number of accumulated asset changes: 8
Feature changed: false
15:12:35 debug: Target(editor) build started.
15:12:35 debug: Detected change: cce:/internal/x/cc. Last mtime: Thu Jan 01 1970 08:00:05 GMT+0800 (Indochina Time), Current mtime: Thu Jan 01 1970 08:00:05 GMT+0800 (Indochina Time)
15:12:35 debug: Inspect cce:/internal/x/cc
15:12:35 debug: Resolve cce:/internal/x/cc-fu/base from cce:/internal/x/cc as external dependency cce:/internal/x/cc-fu/base.
15:12:35 debug: Resolve cce:/internal/x/cc-fu/gfx-webgl from cce:/internal/x/cc as external dependency cce:/internal/x/cc-fu/gfx-webgl.
15:12:35 debug: Resolve cce:/internal/x/cc-fu/gfx-webgl2 from cce:/internal/x/cc as external dependency cce:/internal/x/cc-fu/gfx-webgl2.
15:12:35 debug: Resolve cce:/internal/x/cc-fu/gfx-empty from cce:/internal/x/cc as external dependency cce:/internal/x/cc-fu/gfx-empty.
15:12:35 debug: Resolve cce:/internal/x/cc-fu/3d from cce:/internal/x/cc as external dependency cce:/internal/x/cc-fu/3d.
15:12:35 debug: Resolve cce:/internal/x/cc-fu/animation from cce:/internal/x/cc as external dependency cce:/internal/x/cc-fu/animation.
15:12:35 debug: Resolve cce:/internal/x/cc-fu/skeletal-animation from cce:/internal/x/cc as external dependency cce:/internal/x/cc-fu/skeletal-animation.
15:12:35 debug: Resolve cce:/internal/x/cc-fu/2d from cce:/internal/x/cc as external dependency cce:/internal/x/cc-fu/2d.
15:12:35 debug: Resolve cce:/internal/x/cc-fu/sorting from cce:/internal/x/cc as external dependency cce:/internal/x/cc-fu/sorting.
15:12:35 debug: Resolve cce:/internal/x/cc-fu/ui from cce:/internal/x/cc as external dependency cce:/internal/x/cc-fu/ui.
15:12:35 debug: Resolve cce:/internal/x/cc-fu/particle from cce:/internal/x/cc as external dependency cce:/internal/x/cc-fu/particle.
15:12:35 debug: Resolve cce:/internal/x/cc-fu/particle-2d from cce:/internal/x/cc as external dependency cce:/internal/x/cc-fu/particle-2d.
15:12:35 debug: Resolve cce:/internal/x/cc-fu/physics-framework from cce:/internal/x/cc as external dependency cce:/internal/x/cc-fu/physics-framework.
15:12:35 debug: Resolve cce:/internal/x/cc-fu/physics-2d-framework from cce:/internal/x/cc as external dependency cce:/internal/x/cc-fu/physics-2d-framework.
15:12:35 debug: Resolve cce:/internal/x/cc-fu/physics-2d-box2d-wasm from cce:/internal/x/cc as external dependency cce:/internal/x/cc-fu/physics-2d-box2d-wasm.
15:12:35 debug: Resolve cce:/internal/x/cc-fu/intersection-2d from cce:/internal/x/cc as external dependency cce:/internal/x/cc-fu/intersection-2d.
15:12:35 debug: Resolve cce:/internal/x/cc-fu/primitive from cce:/internal/x/cc as external dependency cce:/internal/x/cc-fu/primitive.
15:12:35 debug: Resolve cce:/internal/x/cc-fu/profiler from cce:/internal/x/cc as external dependency cce:/internal/x/cc-fu/profiler.
15:12:35 debug: Resolve cce:/internal/x/cc-fu/geometry-renderer from cce:/internal/x/cc as external dependency cce:/internal/x/cc-fu/geometry-renderer.
15:12:35 debug: Resolve cce:/internal/x/cc-fu/audio from cce:/internal/x/cc as external dependency cce:/internal/x/cc-fu/audio.
15:12:35 debug: Resolve cce:/internal/x/cc-fu/video from cce:/internal/x/cc as external dependency cce:/internal/x/cc-fu/video.
15:12:35 debug: Resolve cce:/internal/x/cc-fu/xr from cce:/internal/x/cc as external dependency cce:/internal/x/cc-fu/xr.
15:12:35 debug: Resolve cce:/internal/x/cc-fu/light-probe from cce:/internal/x/cc as external dependency cce:/internal/x/cc-fu/light-probe.
15:12:35 debug: Resolve cce:/internal/x/cc-fu/terrain from cce:/internal/x/cc as external dependency cce:/internal/x/cc-fu/terrain.
15:12:35 debug: Resolve cce:/internal/x/cc-fu/webview from cce:/internal/x/cc as external dependency cce:/internal/x/cc-fu/webview.
15:12:35 debug: Resolve cce:/internal/x/cc-fu/tween from cce:/internal/x/cc as external dependency cce:/internal/x/cc-fu/tween.
15:12:35 debug: Resolve cce:/internal/x/cc-fu/tiled-map from cce:/internal/x/cc as external dependency cce:/internal/x/cc-fu/tiled-map.
15:12:35 debug: Resolve cce:/internal/x/cc-fu/spine from cce:/internal/x/cc as external dependency cce:/internal/x/cc-fu/spine.
15:12:35 debug: Resolve cce:/internal/x/cc-fu/dragon-bones from cce:/internal/x/cc as external dependency cce:/internal/x/cc-fu/dragon-bones.
15:12:35 debug: Resolve cce:/internal/x/cc-fu/custom-pipeline from cce:/internal/x/cc as external dependency cce:/internal/x/cc-fu/custom-pipeline.
15:12:35 debug: Detected change: cce:/internal/x/prerequisite-imports. Last mtime: Thu Jan 01 1970 08:48:43 GMT+0800 (Indochina Time), Current mtime: Thu Jan 01 1970 08:00:05 GMT+0800 (Indochina Time)
15:12:35 debug: Inspect cce:/internal/x/prerequisite-imports
15:12:35 debug: Resolve file:///Applications/Cocos/Creator/3.8.3/CocosCreator.app/Contents/Resources/resources/3d/engine/editor/assets/tools/debug-view-runtime-control.ts from cce:/internal/x/prerequisite-imports as file:///Applications/Cocos/Creator/3.8.3/CocosCreator.app/Contents/Resources/resources/3d/engine/editor/assets/tools/debug-view-runtime-control.ts.
15:12:35 debug: Resolve cc from file:///Applications/Cocos/Creator/3.8.3/CocosCreator.app/Contents/Resources/resources/3d/engine/editor/assets/tools/debug-view-runtime-control.ts as cce:/internal/x/cc.
15:12:35 debug: Resolve cc from file:///Applications/Cocos/Creator/3.8.3/CocosCreator.app/Contents/Resources/resources/3d/engine/editor/assets/tools/debug-view-runtime-control.ts as cce:/internal/x/cc.
15:12:35 debug: Resolve cc from file:///Applications/Cocos/Creator/3.8.3/CocosCreator.app/Contents/Resources/resources/3d/engine/editor/assets/tools/debug-view-runtime-control.ts as cce:/internal/x/cc.
15:12:35 debug: Resolve file:///Users/akai/Data/cocos/cocos-creator-tank-war/assets/script/GameOver.ts from cce:/internal/x/prerequisite-imports as file:///Users/akai/Data/cocos/cocos-creator-tank-war/assets/script/GameOver.ts.
15:12:35 debug: Inspect file:///Users/akai/Data/cocos/cocos-creator-tank-war/assets/script/GameOver.ts
15:12:35 debug: Resolve cc from file:///Users/akai/Data/cocos/cocos-creator-tank-war/assets/script/GameOver.ts as cce:/internal/x/cc.
15:12:35 debug: Resolve cc from file:///Users/akai/Data/cocos/cocos-creator-tank-war/assets/script/GameOver.ts as cce:/internal/x/cc.
15:12:35 debug: Resolve cc from file:///Users/akai/Data/cocos/cocos-creator-tank-war/assets/script/GameOver.ts as cce:/internal/x/cc.
15:12:35 debug: Resolve file:///Users/akai/Data/cocos/cocos-creator-tank-war/assets/script/Menu.ts from cce:/internal/x/prerequisite-imports as file:///Users/akai/Data/cocos/cocos-creator-tank-war/assets/script/Menu.ts.
15:12:35 debug: Inspect file:///Users/akai/Data/cocos/cocos-creator-tank-war/assets/script/Menu.ts
15:12:35 debug: Resolve cc from file:///Users/akai/Data/cocos/cocos-creator-tank-war/assets/script/Menu.ts as cce:/internal/x/cc.
15:12:35 debug: Resolve cc from file:///Users/akai/Data/cocos/cocos-creator-tank-war/assets/script/Menu.ts as cce:/internal/x/cc.
15:12:35 debug: Resolve cc from file:///Users/akai/Data/cocos/cocos-creator-tank-war/assets/script/Menu.ts as cce:/internal/x/cc.
15:12:35 debug: Resolve file:///Users/akai/Data/cocos/cocos-creator-tank-war/assets/script/Store.ts from cce:/internal/x/prerequisite-imports as file:///Users/akai/Data/cocos/cocos-creator-tank-war/assets/script/Store.ts.
15:12:35 debug: Inspect file:///Users/akai/Data/cocos/cocos-creator-tank-war/assets/script/Store.ts
15:12:35 debug: Resolve cc from file:///Users/akai/Data/cocos/cocos-creator-tank-war/assets/script/Store.ts as cce:/internal/x/cc.
15:12:35 debug: Resolve cc from file:///Users/akai/Data/cocos/cocos-creator-tank-war/assets/script/Store.ts as cce:/internal/x/cc.
15:12:35 debug: Resolve cc from file:///Users/akai/Data/cocos/cocos-creator-tank-war/assets/script/Store.ts as cce:/internal/x/cc.
15:12:35 debug: Resolve file:///Users/akai/Data/cocos/cocos-creator-tank-war/assets/script/bullet.ts from cce:/internal/x/prerequisite-imports as file:///Users/akai/Data/cocos/cocos-creator-tank-war/assets/script/bullet.ts.
15:12:35 debug: Inspect file:///Users/akai/Data/cocos/cocos-creator-tank-war/assets/script/bullet.ts
15:12:35 debug: Resolve cc from file:///Users/akai/Data/cocos/cocos-creator-tank-war/assets/script/bullet.ts as cce:/internal/x/cc.
15:12:35 debug: Resolve cc from file:///Users/akai/Data/cocos/cocos-creator-tank-war/assets/script/bullet.ts as cce:/internal/x/cc.
15:12:35 debug: Resolve cc from file:///Users/akai/Data/cocos/cocos-creator-tank-war/assets/script/bullet.ts as cce:/internal/x/cc.
15:12:35 debug: Resolve file:///Users/akai/Data/cocos/cocos-creator-tank-war/assets/script/playCtrl.ts from cce:/internal/x/prerequisite-imports as file:///Users/akai/Data/cocos/cocos-creator-tank-war/assets/script/playCtrl.ts.
15:12:35 debug: Inspect file:///Users/akai/Data/cocos/cocos-creator-tank-war/assets/script/playCtrl.ts
15:12:35 debug: Resolve cce:/internal/code-quality/cr.mjs from file:///Users/akai/Data/cocos/cocos-creator-tank-war/assets/script/playCtrl.ts as cce:/internal/code-quality/cr.mjs.
15:12:35 debug: Detected change: cce:/internal/code-quality/cr.mjs. Last mtime: Tue Oct 29 2024 14:07:43 GMT+0700 (Indochina Time), Current mtime: Tue Oct 29 2024 15:12:29 GMT+0700 (Indochina Time)
15:12:35 debug: Inspect cce:/internal/code-quality/cr.mjs
15:12:35 debug: Resolve cc from file:///Users/akai/Data/cocos/cocos-creator-tank-war/assets/script/playCtrl.ts as cce:/internal/x/cc.
15:12:35 debug: Resolve cc from file:///Users/akai/Data/cocos/cocos-creator-tank-war/assets/script/playCtrl.ts as cce:/internal/x/cc.
15:12:35 debug: Resolve cc from file:///Users/akai/Data/cocos/cocos-creator-tank-war/assets/script/playCtrl.ts as cce:/internal/x/cc.
15:12:35 debug: Resolve ./tank from file:///Users/akai/Data/cocos/cocos-creator-tank-war/assets/script/playCtrl.ts as file:///Users/akai/Data/cocos/cocos-creator-tank-war/assets/script/tank.ts.
15:12:35 debug: Inspect file:///Users/akai/Data/cocos/cocos-creator-tank-war/assets/script/tank.ts
15:12:35 debug: Resolve cc from file:///Users/akai/Data/cocos/cocos-creator-tank-war/assets/script/tank.ts as cce:/internal/x/cc.
15:12:35 debug: Resolve cc from file:///Users/akai/Data/cocos/cocos-creator-tank-war/assets/script/tank.ts as cce:/internal/x/cc.
15:12:35 debug: Resolve cc from file:///Users/akai/Data/cocos/cocos-creator-tank-war/assets/script/tank.ts as cce:/internal/x/cc.
15:12:35 debug: Resolve file:///Users/akai/Data/cocos/cocos-creator-tank-war/assets/script/roomCtrl.ts from cce:/internal/x/prerequisite-imports as file:///Users/akai/Data/cocos/cocos-creator-tank-war/assets/script/roomCtrl.ts.
15:12:35 debug: Inspect file:///Users/akai/Data/cocos/cocos-creator-tank-war/assets/script/roomCtrl.ts
15:12:35 debug: Resolve cc from file:///Users/akai/Data/cocos/cocos-creator-tank-war/assets/script/roomCtrl.ts as cce:/internal/x/cc.
15:12:35 debug: Resolve cc from file:///Users/akai/Data/cocos/cocos-creator-tank-war/assets/script/roomCtrl.ts as cce:/internal/x/cc.
15:12:35 debug: Resolve cc from file:///Users/akai/Data/cocos/cocos-creator-tank-war/assets/script/roomCtrl.ts as cce:/internal/x/cc.
15:12:35 debug: Resolve file:///Users/akai/Data/cocos/cocos-creator-tank-war/assets/script/tank.ts from cce:/internal/x/prerequisite-imports as file:///Users/akai/Data/cocos/cocos-creator-tank-war/assets/script/tank.ts.
15:12:35 debug: Target(editor) ends with cost 287.70245885849ms.
15:12:35 debug: Target(preview) build started.
15:12:35 debug: Detected change: cce:/internal/x/cc. Last mtime: Thu Jan 01 1970 08:00:05 GMT+0800 (Indochina Time), Current mtime: Thu Jan 01 1970 08:00:05 GMT+0800 (Indochina Time)
15:12:35 debug: Inspect cce:/internal/x/cc
15:12:35 debug: Resolve cce:/internal/x/cc-fu/2d from cce:/internal/x/cc as external dependency cce:/internal/x/cc-fu/2d.
15:12:35 debug: Resolve cce:/internal/x/cc-fu/sorting from cce:/internal/x/cc as external dependency cce:/internal/x/cc-fu/sorting.
15:12:35 debug: Resolve cce:/internal/x/cc-fu/animation from cce:/internal/x/cc as external dependency cce:/internal/x/cc-fu/animation.
15:12:35 debug: Resolve cce:/internal/x/cc-fu/audio from cce:/internal/x/cc as external dependency cce:/internal/x/cc-fu/audio.
15:12:35 debug: Resolve cce:/internal/x/cc-fu/base from cce:/internal/x/cc as external dependency cce:/internal/x/cc-fu/base.
15:12:35 debug: Resolve cce:/internal/x/cc-fu/dragon-bones from cce:/internal/x/cc as external dependency cce:/internal/x/cc-fu/dragon-bones.
15:12:35 debug: Resolve cce:/internal/x/cc-fu/gfx-webgl from cce:/internal/x/cc as external dependency cce:/internal/x/cc-fu/gfx-webgl.
15:12:35 debug: Resolve cce:/internal/x/cc-fu/gfx-webgl2 from cce:/internal/x/cc as external dependency cce:/internal/x/cc-fu/gfx-webgl2.
15:12:35 debug: Resolve cce:/internal/x/cc-fu/intersection-2d from cce:/internal/x/cc as external dependency cce:/internal/x/cc-fu/intersection-2d.
15:12:35 debug: Resolve cce:/internal/x/cc-fu/particle-2d from cce:/internal/x/cc as external dependency cce:/internal/x/cc-fu/particle-2d.
15:12:35 debug: Resolve cce:/internal/x/cc-fu/physics-2d-box2d from cce:/internal/x/cc as external dependency cce:/internal/x/cc-fu/physics-2d-box2d.
15:12:35 debug: Resolve cce:/internal/x/cc-fu/physics-2d-framework from cce:/internal/x/cc as external dependency cce:/internal/x/cc-fu/physics-2d-framework.
15:12:35 debug: Resolve cce:/internal/x/cc-fu/profiler from cce:/internal/x/cc as external dependency cce:/internal/x/cc-fu/profiler.
15:12:35 debug: Resolve cce:/internal/x/cc-fu/spine from cce:/internal/x/cc as external dependency cce:/internal/x/cc-fu/spine.
15:12:35 debug: Resolve cce:/internal/x/cc-fu/tiled-map from cce:/internal/x/cc as external dependency cce:/internal/x/cc-fu/tiled-map.
15:12:35 debug: Resolve cce:/internal/x/cc-fu/tween from cce:/internal/x/cc as external dependency cce:/internal/x/cc-fu/tween.
15:12:35 debug: Resolve cce:/internal/x/cc-fu/ui from cce:/internal/x/cc as external dependency cce:/internal/x/cc-fu/ui.
15:12:35 debug: Resolve cce:/internal/x/cc-fu/video from cce:/internal/x/cc as external dependency cce:/internal/x/cc-fu/video.
15:12:35 debug: Resolve cce:/internal/x/cc-fu/webview from cce:/internal/x/cc as external dependency cce:/internal/x/cc-fu/webview.
15:12:35 debug: Detected change: cce:/internal/x/prerequisite-imports. Last mtime: Thu Jan 01 1970 08:48:43 GMT+0800 (Indochina Time), Current mtime: Thu Jan 01 1970 08:00:05 GMT+0800 (Indochina Time)
15:12:35 debug: Inspect cce:/internal/x/prerequisite-imports
15:12:35 debug: Resolve file:///Applications/Cocos/Creator/3.8.3/CocosCreator.app/Contents/Resources/resources/3d/engine/editor/assets/tools/debug-view-runtime-control.ts from cce:/internal/x/prerequisite-imports as file:///Applications/Cocos/Creator/3.8.3/CocosCreator.app/Contents/Resources/resources/3d/engine/editor/assets/tools/debug-view-runtime-control.ts.
15:12:35 debug: Resolve cc from file:///Applications/Cocos/Creator/3.8.3/CocosCreator.app/Contents/Resources/resources/3d/engine/editor/assets/tools/debug-view-runtime-control.ts as cce:/internal/x/cc.
15:12:35 debug: Resolve cc from file:///Applications/Cocos/Creator/3.8.3/CocosCreator.app/Contents/Resources/resources/3d/engine/editor/assets/tools/debug-view-runtime-control.ts as cce:/internal/x/cc.
15:12:35 debug: Resolve cc from file:///Applications/Cocos/Creator/3.8.3/CocosCreator.app/Contents/Resources/resources/3d/engine/editor/assets/tools/debug-view-runtime-control.ts as cce:/internal/x/cc.
15:12:35 debug: Resolve file:///Users/akai/Data/cocos/cocos-creator-tank-war/assets/script/GameOver.ts from cce:/internal/x/prerequisite-imports as file:///Users/akai/Data/cocos/cocos-creator-tank-war/assets/script/GameOver.ts.
15:12:35 debug: Inspect file:///Users/akai/Data/cocos/cocos-creator-tank-war/assets/script/GameOver.ts
15:12:35 debug: Resolve cc from file:///Users/akai/Data/cocos/cocos-creator-tank-war/assets/script/GameOver.ts as cce:/internal/x/cc.
15:12:35 debug: Resolve cc from file:///Users/akai/Data/cocos/cocos-creator-tank-war/assets/script/GameOver.ts as cce:/internal/x/cc.
15:12:35 debug: Resolve cc from file:///Users/akai/Data/cocos/cocos-creator-tank-war/assets/script/GameOver.ts as cce:/internal/x/cc.
15:12:35 debug: Resolve file:///Users/akai/Data/cocos/cocos-creator-tank-war/assets/script/Menu.ts from cce:/internal/x/prerequisite-imports as file:///Users/akai/Data/cocos/cocos-creator-tank-war/assets/script/Menu.ts.
15:12:35 debug: Inspect file:///Users/akai/Data/cocos/cocos-creator-tank-war/assets/script/Menu.ts
15:12:35 debug: Resolve cc from file:///Users/akai/Data/cocos/cocos-creator-tank-war/assets/script/Menu.ts as cce:/internal/x/cc.
15:12:35 debug: Resolve cc from file:///Users/akai/Data/cocos/cocos-creator-tank-war/assets/script/Menu.ts as cce:/internal/x/cc.
15:12:35 debug: Resolve cc from file:///Users/akai/Data/cocos/cocos-creator-tank-war/assets/script/Menu.ts as cce:/internal/x/cc.
15:12:35 debug: Resolve file:///Users/akai/Data/cocos/cocos-creator-tank-war/assets/script/Store.ts from cce:/internal/x/prerequisite-imports as file:///Users/akai/Data/cocos/cocos-creator-tank-war/assets/script/Store.ts.
15:12:35 debug: Inspect file:///Users/akai/Data/cocos/cocos-creator-tank-war/assets/script/Store.ts
15:12:35 debug: Resolve cc from file:///Users/akai/Data/cocos/cocos-creator-tank-war/assets/script/Store.ts as cce:/internal/x/cc.
15:12:35 debug: Resolve cc from file:///Users/akai/Data/cocos/cocos-creator-tank-war/assets/script/Store.ts as cce:/internal/x/cc.
15:12:35 debug: Resolve cc from file:///Users/akai/Data/cocos/cocos-creator-tank-war/assets/script/Store.ts as cce:/internal/x/cc.
15:12:35 debug: Resolve file:///Users/akai/Data/cocos/cocos-creator-tank-war/assets/script/bullet.ts from cce:/internal/x/prerequisite-imports as file:///Users/akai/Data/cocos/cocos-creator-tank-war/assets/script/bullet.ts.
15:12:35 debug: Inspect file:///Users/akai/Data/cocos/cocos-creator-tank-war/assets/script/bullet.ts
15:12:35 debug: Resolve cc from file:///Users/akai/Data/cocos/cocos-creator-tank-war/assets/script/bullet.ts as cce:/internal/x/cc.
15:12:35 debug: Resolve cc from file:///Users/akai/Data/cocos/cocos-creator-tank-war/assets/script/bullet.ts as cce:/internal/x/cc.
15:12:35 debug: Resolve cc from file:///Users/akai/Data/cocos/cocos-creator-tank-war/assets/script/bullet.ts as cce:/internal/x/cc.
15:12:35 debug: Resolve file:///Users/akai/Data/cocos/cocos-creator-tank-war/assets/script/playCtrl.ts from cce:/internal/x/prerequisite-imports as file:///Users/akai/Data/cocos/cocos-creator-tank-war/assets/script/playCtrl.ts.
15:12:35 debug: Inspect file:///Users/akai/Data/cocos/cocos-creator-tank-war/assets/script/playCtrl.ts
15:12:35 debug: Resolve cce:/internal/code-quality/cr.mjs from file:///Users/akai/Data/cocos/cocos-creator-tank-war/assets/script/playCtrl.ts as cce:/internal/code-quality/cr.mjs.
15:12:35 debug: Detected change: cce:/internal/code-quality/cr.mjs. Last mtime: Tue Oct 29 2024 14:07:43 GMT+0700 (Indochina Time), Current mtime: Tue Oct 29 2024 15:12:29 GMT+0700 (Indochina Time)
15:12:35 debug: Inspect cce:/internal/code-quality/cr.mjs
15:12:35 debug: Resolve cc from file:///Users/akai/Data/cocos/cocos-creator-tank-war/assets/script/playCtrl.ts as cce:/internal/x/cc.
15:12:35 debug: Resolve cc from file:///Users/akai/Data/cocos/cocos-creator-tank-war/assets/script/playCtrl.ts as cce:/internal/x/cc.
15:12:35 debug: Resolve cc from file:///Users/akai/Data/cocos/cocos-creator-tank-war/assets/script/playCtrl.ts as cce:/internal/x/cc.
15:12:35 debug: Resolve ./tank from file:///Users/akai/Data/cocos/cocos-creator-tank-war/assets/script/playCtrl.ts as file:///Users/akai/Data/cocos/cocos-creator-tank-war/assets/script/tank.ts.
15:12:35 debug: Inspect file:///Users/akai/Data/cocos/cocos-creator-tank-war/assets/script/tank.ts
15:12:35 debug: Resolve cc from file:///Users/akai/Data/cocos/cocos-creator-tank-war/assets/script/tank.ts as cce:/internal/x/cc.
15:12:35 debug: Resolve cc from file:///Users/akai/Data/cocos/cocos-creator-tank-war/assets/script/tank.ts as cce:/internal/x/cc.
15:12:35 debug: Resolve cc from file:///Users/akai/Data/cocos/cocos-creator-tank-war/assets/script/tank.ts as cce:/internal/x/cc.
15:12:35 debug: Resolve file:///Users/akai/Data/cocos/cocos-creator-tank-war/assets/script/roomCtrl.ts from cce:/internal/x/prerequisite-imports as file:///Users/akai/Data/cocos/cocos-creator-tank-war/assets/script/roomCtrl.ts.
15:12:35 debug: Inspect file:///Users/akai/Data/cocos/cocos-creator-tank-war/assets/script/roomCtrl.ts
15:12:35 debug: Resolve cc from file:///Users/akai/Data/cocos/cocos-creator-tank-war/assets/script/roomCtrl.ts as cce:/internal/x/cc.
15:12:35 debug: Resolve cc from file:///Users/akai/Data/cocos/cocos-creator-tank-war/assets/script/roomCtrl.ts as cce:/internal/x/cc.
15:12:35 debug: Resolve cc from file:///Users/akai/Data/cocos/cocos-creator-tank-war/assets/script/roomCtrl.ts as cce:/internal/x/cc.
15:12:35 debug: Resolve file:///Users/akai/Data/cocos/cocos-creator-tank-war/assets/script/tank.ts from cce:/internal/x/prerequisite-imports as file:///Users/akai/Data/cocos/cocos-creator-tank-war/assets/script/tank.ts.
15:12:36 debug: Target(preview) ends with cost 206.3356249332428ms.
15:12:36 debug: Pulling asset-db.
15:12:36 debug: Fetch asset-db cost: 319.46141600608826ms.
15:12:36 debug: Build iteration starts.
Number of accumulated asset changes: 8
Feature changed: false
15:12:36 debug: Target(editor) build started.
15:12:36 debug: Detected change: cce:/internal/x/prerequisite-imports. Last mtime: Thu Jan 01 1970 08:00:05 GMT+0800 (Indochina Time), Current mtime: Thu Jan 01 1970 08:00:06 GMT+0800 (Indochina Time)
15:12:36 debug: Inspect cce:/internal/x/prerequisite-imports
15:12:36 debug: Resolve file:///Applications/Cocos/Creator/3.8.3/CocosCreator.app/Contents/Resources/resources/3d/engine/editor/assets/tools/debug-view-runtime-control.ts from cce:/internal/x/prerequisite-imports as file:///Applications/Cocos/Creator/3.8.3/CocosCreator.app/Contents/Resources/resources/3d/engine/editor/assets/tools/debug-view-runtime-control.ts.
15:12:36 debug: Resolve file:///Users/akai/Data/cocos/cocos-creator-tank-war/assets/script/GameOver.ts from cce:/internal/x/prerequisite-imports as file:///Users/akai/Data/cocos/cocos-creator-tank-war/assets/script/GameOver.ts.
15:12:36 debug: Resolve file:///Users/akai/Data/cocos/cocos-creator-tank-war/assets/script/Menu.ts from cce:/internal/x/prerequisite-imports as file:///Users/akai/Data/cocos/cocos-creator-tank-war/assets/script/Menu.ts.
15:12:36 debug: Resolve file:///Users/akai/Data/cocos/cocos-creator-tank-war/assets/script/Store.ts from cce:/internal/x/prerequisite-imports as file:///Users/akai/Data/cocos/cocos-creator-tank-war/assets/script/Store.ts.
15:12:36 debug: Resolve file:///Users/akai/Data/cocos/cocos-creator-tank-war/assets/script/bullet.ts from cce:/internal/x/prerequisite-imports as file:///Users/akai/Data/cocos/cocos-creator-tank-war/assets/script/bullet.ts.
15:12:36 debug: Resolve file:///Users/akai/Data/cocos/cocos-creator-tank-war/assets/script/playCtrl.ts from cce:/internal/x/prerequisite-imports as file:///Users/akai/Data/cocos/cocos-creator-tank-war/assets/script/playCtrl.ts.
15:12:36 debug: Resolve file:///Users/akai/Data/cocos/cocos-creator-tank-war/assets/script/roomCtrl.ts from cce:/internal/x/prerequisite-imports as file:///Users/akai/Data/cocos/cocos-creator-tank-war/assets/script/roomCtrl.ts.
15:12:36 debug: Resolve file:///Users/akai/Data/cocos/cocos-creator-tank-war/assets/script/tank.ts from cce:/internal/x/prerequisite-imports as file:///Users/akai/Data/cocos/cocos-creator-tank-war/assets/script/tank.ts.
15:12:36 debug: Target(editor) ends with cost 19.908334016799927ms.
15:12:36 debug: Target(preview) build started.
15:12:36 debug: Detected change: cce:/internal/x/prerequisite-imports. Last mtime: Thu Jan 01 1970 08:00:05 GMT+0800 (Indochina Time), Current mtime: Thu Jan 01 1970 08:00:06 GMT+0800 (Indochina Time)
15:12:36 debug: Inspect cce:/internal/x/prerequisite-imports
15:12:36 debug: Resolve file:///Applications/Cocos/Creator/3.8.3/CocosCreator.app/Contents/Resources/resources/3d/engine/editor/assets/tools/debug-view-runtime-control.ts from cce:/internal/x/prerequisite-imports as file:///Applications/Cocos/Creator/3.8.3/CocosCreator.app/Contents/Resources/resources/3d/engine/editor/assets/tools/debug-view-runtime-control.ts.
15:12:36 debug: Resolve file:///Users/akai/Data/cocos/cocos-creator-tank-war/assets/script/GameOver.ts from cce:/internal/x/prerequisite-imports as file:///Users/akai/Data/cocos/cocos-creator-tank-war/assets/script/GameOver.ts.
15:12:36 debug: Resolve file:///Users/akai/Data/cocos/cocos-creator-tank-war/assets/script/Menu.ts from cce:/internal/x/prerequisite-imports as file:///Users/akai/Data/cocos/cocos-creator-tank-war/assets/script/Menu.ts.
15:12:36 debug: Resolve file:///Users/akai/Data/cocos/cocos-creator-tank-war/assets/script/Store.ts from cce:/internal/x/prerequisite-imports as file:///Users/akai/Data/cocos/cocos-creator-tank-war/assets/script/Store.ts.
15:12:36 debug: Resolve file:///Users/akai/Data/cocos/cocos-creator-tank-war/assets/script/bullet.ts from cce:/internal/x/prerequisite-imports as file:///Users/akai/Data/cocos/cocos-creator-tank-war/assets/script/bullet.ts.
15:12:36 debug: Resolve file:///Users/akai/Data/cocos/cocos-creator-tank-war/assets/script/playCtrl.ts from cce:/internal/x/prerequisite-imports as file:///Users/akai/Data/cocos/cocos-creator-tank-war/assets/script/playCtrl.ts.
15:12:36 debug: Resolve file:///Users/akai/Data/cocos/cocos-creator-tank-war/assets/script/roomCtrl.ts from cce:/internal/x/prerequisite-imports as file:///Users/akai/Data/cocos/cocos-creator-tank-war/assets/script/roomCtrl.ts.
15:12:36 debug: Resolve file:///Users/akai/Data/cocos/cocos-creator-tank-war/assets/script/tank.ts from cce:/internal/x/prerequisite-imports as file:///Users/akai/Data/cocos/cocos-creator-tank-war/assets/script/tank.ts.
15:12:36 debug: Target(preview) ends with cost 40.07154202461243ms.
